  [1m[35m (0.1ms)[0m  [1m[34mSELECT sqlite_version(*)[0m
  ↳ /Users/linaahmed/.rvm/gems/ruby-2.5.1/gems/rake-12.3.1/lib/rake/task.rb:271
  [1m[35m (1.9ms)[0m  [1m[35mCREATE TABLE "schema_migrations" ("version" varchar NOT NULL PRIMARY KEY)[0m
  ↳ /Users/linaahmed/.rvm/gems/ruby-2.5.1/gems/rake-12.3.1/lib/rake/task.rb:271
  [1m[35m (2.5ms)[0m  [1m[35mCREATE TABLE "ar_internal_metadata" ("key" varchar NOT NULL PRIMARY KEY, "value" varchar, "created_at" datetime NOT NULL, "updated_at" datetime NOT NULL)[0m
  ↳ /Users/linaahmed/.rvm/gems/ruby-2.5.1/gems/rake-12.3.1/lib/rake/task.rb:271
  [1m[35m (0.2ms)[0m  [1m[34mSELECT "schema_migrations"."version" FROM "schema_migrations" ORDER BY "schema_migrations"."version" ASC[0m
  ↳ /Users/linaahmed/.rvm/gems/ruby-2.5.1/gems/rake-12.3.1/lib/rake/task.rb:271
Migrating to CreateCours (20180725171848)
  [1m[35m (0.1ms)[0m  [1m[36mbegin transaction[0m
  ↳ /Users/linaahmed/.rvm/gems/ruby-2.5.1/gems/rake-12.3.1/lib/rake/task.rb:271
  [1m[35m (1.1ms)[0m  [1m[35mCREATE TABLE "cours" ("id" integer PRIMARY KEY AUTOINCREMENT NOT NULL, "title" text, "description" text, "created_at" datetime NOT NULL, "updated_at" datetime NOT NULL)[0m
  ↳ db/migrate/20180725171848_create_cours.rb:3
  [1m[36mActiveRecord::SchemaMigration Create (0.3ms)[0m  [1m[32mINSERT INTO "schema_migrations" ("version") VALUES (?)[0m  [["version", "20180725171848"]]
  ↳ /Users/linaahmed/.rvm/gems/ruby-2.5.1/gems/rake-12.3.1/lib/rake/task.rb:271
  [1m[35m (1.5ms)[0m  [1m[36mcommit transaction[0m
  ↳ /Users/linaahmed/.rvm/gems/ruby-2.5.1/gems/rake-12.3.1/lib/rake/task.rb:271
  [1m[36mActiveRecord::InternalMetadata Load (0.2ms)[0m  [1m[34mSELECT  "ar_internal_metadata".* FROM "ar_internal_metadata" WHERE "ar_internal_metadata"."key" = ? LIMIT ?[0m  [["key", "environment"], ["LIMIT", 1]]
  ↳ /Users/linaahmed/.rvm/gems/ruby-2.5.1/gems/rake-12.3.1/lib/rake/task.rb:271
  [1m[35m (0.2ms)[0m  [1m[36mbegin transaction[0m
  ↳ /Users/linaahmed/.rvm/gems/ruby-2.5.1/gems/rake-12.3.1/lib/rake/task.rb:271
  [1m[36mActiveRecord::InternalMetadata Create (1.2ms)[0m  [1m[32mINSERT INTO "ar_internal_metadata" ("key", "value", "created_at", "updated_at") VALUES (?, ?, ?, ?)[0m  [["key", "environment"], ["value", "development"], ["created_at", "2018-07-25 17:24:17.546074"], ["updated_at", "2018-07-25 17:24:17.546074"]]
  ↳ /Users/linaahmed/.rvm/gems/ruby-2.5.1/gems/rake-12.3.1/lib/rake/task.rb:271
  [1m[35m (2.0ms)[0m  [1m[36mcommit transaction[0m
  ↳ /Users/linaahmed/.rvm/gems/ruby-2.5.1/gems/rake-12.3.1/lib/rake/task.rb:271
  [1m[35m (0.2ms)[0m  [1m[34mSELECT "schema_migrations"."version" FROM "schema_migrations" ORDER BY "schema_migrations"."version" ASC[0m
  ↳ /Users/linaahmed/.rvm/gems/ruby-2.5.1/gems/rake-12.3.1/lib/rake/task.rb:271
  [1m[35m (0.3ms)[0m  [1m[34mSELECT "schema_migrations"."version" FROM "schema_migrations" ORDER BY "schema_migrations"."version" ASC[0m
  ↳ /Users/linaahmed/.rvm/gems/ruby-2.5.1/gems/rake-12.3.1/lib/rake/task.rb:271
Migrating to CreateLecons (20180725172459)
  [1m[35m (0.1ms)[0m  [1m[36mbegin transaction[0m
  ↳ /Users/linaahmed/.rvm/gems/ruby-2.5.1/gems/rake-12.3.1/lib/rake/task.rb:271
  [1m[35m (0.2ms)[0m  [1m[34mSELECT sqlite_version(*)[0m
  ↳ db/migrate/20180725172459_create_lecons.rb:3
  [1m[35m (0.7ms)[0m  [1m[35mCREATE TABLE "lecons" ("id" integer PRIMARY KEY AUTOINCREMENT NOT NULL, "body" text, "titre" text, "created_at" datetime NOT NULL, "updated_at" datetime NOT NULL)[0m
  ↳ db/migrate/20180725172459_create_lecons.rb:3
  [1m[36mActiveRecord::SchemaMigration Create (0.3ms)[0m  [1m[32mINSERT INTO "schema_migrations" ("version") VALUES (?)[0m  [["version", "20180725172459"]]
  ↳ /Users/linaahmed/.rvm/gems/ruby-2.5.1/gems/rake-12.3.1/lib/rake/task.rb:271
  [1m[35m (1.6ms)[0m  [1m[36mcommit transaction[0m
  ↳ /Users/linaahmed/.rvm/gems/ruby-2.5.1/gems/rake-12.3.1/lib/rake/task.rb:271
  [1m[36mActiveRecord::InternalMetadata Load (0.3ms)[0m  [1m[34mSELECT  "ar_internal_metadata".* FROM "ar_internal_metadata" WHERE "ar_internal_metadata"."key" = ? LIMIT ?[0m  [["key", "environment"], ["LIMIT", 1]]
  ↳ /Users/linaahmed/.rvm/gems/ruby-2.5.1/gems/rake-12.3.1/lib/rake/task.rb:271
  [1m[35m (0.1ms)[0m  [1m[36mbegin transaction[0m
  ↳ /Users/linaahmed/.rvm/gems/ruby-2.5.1/gems/rake-12.3.1/lib/rake/task.rb:271
  [1m[35m (0.0ms)[0m  [1m[36mcommit transaction[0m
  ↳ /Users/linaahmed/.rvm/gems/ruby-2.5.1/gems/rake-12.3.1/lib/rake/task.rb:271
  [1m[35m (0.1ms)[0m  [1m[34mSELECT "schema_migrations"."version" FROM "schema_migrations" ORDER BY "schema_migrations"."version" ASC[0m
  ↳ /Users/linaahmed/.rvm/gems/ruby-2.5.1/gems/rake-12.3.1/lib/rake/task.rb:271
  [1m[35m (0.2ms)[0m  [1m[34mSELECT "schema_migrations"."version" FROM "schema_migrations" ORDER BY "schema_migrations"."version" ASC[0m
  ↳ /Users/linaahmed/.rvm/gems/ruby-2.5.1/gems/rake-12.3.1/lib/rake/task.rb:271
Migrating to AddLeconToCours (20180725172842)
  [1m[35m (0.4ms)[0m  [1m[34mSELECT "schema_migrations"."version" FROM "schema_migrations" ORDER BY "schema_migrations"."version" ASC[0m
  ↳ /Users/linaahmed/.rvm/gems/ruby-2.5.1/gems/rake-12.3.1/lib/rake/task.rb:271
Migrating to AddLeconToCours (20180725172842)
  [1m[35m (0.1ms)[0m  [1m[36mbegin transaction[0m
  ↳ /Users/linaahmed/.rvm/gems/ruby-2.5.1/gems/rake-12.3.1/lib/rake/task.rb:271
  [1m[35m (0.7ms)[0m  [1m[35mALTER TABLE "lecons" ADD "cour_id" integer[0m
  ↳ db/migrate/20180725172842_add_lecon_to_cours.rb:3
  [1m[35m (0.1ms)[0m  [1m[34mSELECT sqlite_version(*)[0m
  ↳ db/migrate/20180725172842_add_lecon_to_cours.rb:3
  [1m[35m (0.2ms)[0m  [1m[35mCREATE  INDEX "index_lecons_on_cour_id" ON "lecons" ("cour_id")[0m
  ↳ db/migrate/20180725172842_add_lecon_to_cours.rb:3
  [1m[36mActiveRecord::SchemaMigration Create (0.3ms)[0m  [1m[32mINSERT INTO "schema_migrations" ("version") VALUES (?)[0m  [["version", "20180725172842"]]
  ↳ /Users/linaahmed/.rvm/gems/ruby-2.5.1/gems/rake-12.3.1/lib/rake/task.rb:271
  [1m[35m (1.5ms)[0m  [1m[36mcommit transaction[0m
  ↳ /Users/linaahmed/.rvm/gems/ruby-2.5.1/gems/rake-12.3.1/lib/rake/task.rb:271
  [1m[36mActiveRecord::InternalMetadata Load (0.3ms)[0m  [1m[34mSELECT  "ar_internal_metadata".* FROM "ar_internal_metadata" WHERE "ar_internal_metadata"."key" = ? LIMIT ?[0m  [["key", "environment"], ["LIMIT", 1]]
  ↳ /Users/linaahmed/.rvm/gems/ruby-2.5.1/gems/rake-12.3.1/lib/rake/task.rb:271
  [1m[35m (0.1ms)[0m  [1m[36mbegin transaction[0m
  ↳ /Users/linaahmed/.rvm/gems/ruby-2.5.1/gems/rake-12.3.1/lib/rake/task.rb:271
  [1m[35m (0.1ms)[0m  [1m[36mcommit transaction[0m
  ↳ /Users/linaahmed/.rvm/gems/ruby-2.5.1/gems/rake-12.3.1/lib/rake/task.rb:271
  [1m[35m (0.1ms)[0m  [1m[34mSELECT "schema_migrations"."version" FROM "schema_migrations" ORDER BY "schema_migrations"."version" ASC[0m
  ↳ /Users/linaahmed/.rvm/gems/ruby-2.5.1/gems/rake-12.3.1/lib/rake/task.rb:271
  [1m[35m (0.8ms)[0m  [1m[34mSELECT "schema_migrations"."version" FROM "schema_migrations" ORDER BY "schema_migrations"."version" ASC[0m
  ↳ /Users/linaahmed/.rvm/gems/ruby-2.5.1/gems/rake-12.3.1/lib/rake/task.rb:271
  [1m[35m (0.9ms)[0m  [1m[34mSELECT "schema_migrations"."version" FROM "schema_migrations" ORDER BY "schema_migrations"."version" ASC[0m
  ↳ /Users/linaahmed/.rvm/gems/ruby-2.5.1/gems/rake-12.3.1/lib/rake/task.rb:271
  [1m[35m (0.2ms)[0m  [1m[34mSELECT "schema_migrations"."version" FROM "schema_migrations" ORDER BY "schema_migrations"."version" ASC[0m
  ↳ /Users/linaahmed/.rvm/gems/ruby-2.5.1/gems/rake-12.3.1/lib/rake/task.rb:271
  [1m[35m (0.3ms)[0m  [1m[36mbegin transaction[0m
  ↳ db/seeds.rb:13
  [1m[36mCour Create (2.0ms)[0m  [1m[32mINSERT INTO "cours" ("title", "description", "created_at", "updated_at") VALUES (?, ?, ?, ?)[0m  [["title", "[\"quo\", \"occaecati\", \"consectetur\"]"], ["description", "Nihil ut autem. Optio temporibus ipsam. Provident eius et."], ["created_at", "2018-07-25 18:00:30.126815"], ["updated_at", "2018-07-25 18:00:30.126815"]]
  ↳ db/seeds.rb:13
  [1m[35m (1.4ms)[0m  [1m[36mcommit transaction[0m
  ↳ db/seeds.rb:13
  [1m[35m (0.1ms)[0m  [1m[36mbegin transaction[0m
  ↳ db/seeds.rb:13
  [1m[36mCour Create (0.6ms)[0m  [1m[32mINSERT INTO "cours" ("title", "description", "created_at", "updated_at") VALUES (?, ?, ?, ?)[0m  [["title", "[\"commodi\", \"veniam\", \"voluptate\"]"], ["description", "Nulla consequatur explicabo. Minus dolor nam. Et voluptatem totam."], ["created_at", "2018-07-25 18:00:30.135347"], ["updated_at", "2018-07-25 18:00:30.135347"]]
  ↳ db/seeds.rb:13
  [1m[35m (1.3ms)[0m  [1m[36mcommit transaction[0m
  ↳ db/seeds.rb:13
  [1m[35m (0.1ms)[0m  [1m[36mbegin transaction[0m
  ↳ db/seeds.rb:13
  [1m[36mCour Create (0.8ms)[0m  [1m[32mINSERT INTO "cours" ("title", "description", "created_at", "updated_at") VALUES (?, ?, ?, ?)[0m  [["title", "[\"et\", \"velit\", \"ipsam\"]"], ["description", "Dolorum autem aut. Nulla ut non. Reprehenderit omnis vel."], ["created_at", "2018-07-25 18:00:30.139608"], ["updated_at", "2018-07-25 18:00:30.139608"]]
  ↳ db/seeds.rb:13
  [1m[35m (1.2ms)[0m  [1m[36mcommit transaction[0m
  ↳ db/seeds.rb:13
  [1m[35m (0.1ms)[0m  [1m[36mbegin transaction[0m
  ↳ db/seeds.rb:13
  [1m[36mCour Create (0.5ms)[0m  [1m[32mINSERT INTO "cours" ("title", "description", "created_at", "updated_at") VALUES (?, ?, ?, ?)[0m  [["title", "[\"dicta\", \"magni\", \"est\"]"], ["description", "Architecto deleniti minima. Amet magnam in. Eos natus neque."], ["created_at", "2018-07-25 18:00:30.145569"], ["updated_at", "2018-07-25 18:00:30.145569"]]
  ↳ db/seeds.rb:13
  [1m[35m (1.6ms)[0m  [1m[36mcommit transaction[0m
  ↳ db/seeds.rb:13
  [1m[35m (0.2ms)[0m  [1m[34mSELECT "schema_migrations"."version" FROM "schema_migrations" ORDER BY "schema_migrations"."version" ASC[0m
  ↳ /Users/linaahmed/.rvm/gems/ruby-2.5.1/gems/rake-12.3.1/lib/rake/task.rb:271
  [1m[35m (0.1ms)[0m  [1m[36mbegin transaction[0m
  ↳ db/seeds.rb:13
  [1m[36mCour Create (0.7ms)[0m  [1m[32mINSERT INTO "cours" ("title", "description", "created_at", "updated_at") VALUES (?, ?, ?, ?)[0m  [["title", "[\"quod\", \"dolore\", \"dolorum\"]"], ["description", "Officia sint incidunt. Aut id deleniti. Est consectetur at."], ["created_at", "2018-07-25 18:02:14.594929"], ["updated_at", "2018-07-25 18:02:14.594929"]]
  ↳ db/seeds.rb:13
  [1m[35m (1.4ms)[0m  [1m[36mcommit transaction[0m
  ↳ db/seeds.rb:13
  [1m[35m (0.1ms)[0m  [1m[36mbegin transaction[0m
  ↳ db/seeds.rb:13
  [1m[36mCour Create (0.5ms)[0m  [1m[32mINSERT INTO "cours" ("title", "description", "created_at", "updated_at") VALUES (?, ?, ?, ?)[0m  [["title", "[\"ipsa\", \"magni\", \"dolor\"]"], ["description", "Rerum iste ipsam. Aut enim consequatur. Omnis inventore praesentium."], ["created_at", "2018-07-25 18:02:14.599932"], ["updated_at", "2018-07-25 18:02:14.599932"]]
  ↳ db/seeds.rb:13
  [1m[35m (1.3ms)[0m  [1m[36mcommit transaction[0m
  ↳ db/seeds.rb:13
  [1m[35m (0.0ms)[0m  [1m[36mbegin transaction[0m
  ↳ db/seeds.rb:13
  [1m[36mCour Create (0.4ms)[0m  [1m[32mINSERT INTO "cours" ("title", "description", "created_at", "updated_at") VALUES (?, ?, ?, ?)[0m  [["title", "[\"et\", \"consectetur\", \"nam\"]"], ["description", "Necessitatibus fuga consectetur. Temporibus laudantium officiis. Veritatis quis cum."], ["created_at", "2018-07-25 18:02:14.603775"], ["updated_at", "2018-07-25 18:02:14.603775"]]
  ↳ db/seeds.rb:13
  [1m[35m (1.3ms)[0m  [1m[36mcommit transaction[0m
  ↳ db/seeds.rb:13
  [1m[35m (0.1ms)[0m  [1m[36mbegin transaction[0m
  ↳ db/seeds.rb:13
  [1m[36mCour Create (0.5ms)[0m  [1m[32mINSERT INTO "cours" ("title", "description", "created_at", "updated_at") VALUES (?, ?, ?, ?)[0m  [["title", "[\"deserunt\", \"aut\", \"porro\"]"], ["description", "Voluptatum amet dicta. Sit molestias dolorem. Consequatur deleniti id."], ["created_at", "2018-07-25 18:02:14.608484"], ["updated_at", "2018-07-25 18:02:14.608484"]]
  ↳ db/seeds.rb:13
  [1m[35m (1.1ms)[0m  [1m[36mcommit transaction[0m
  ↳ db/seeds.rb:13
  [1m[35m (0.1ms)[0m  [1m[36mbegin transaction[0m
  ↳ db/seeds.rb:20
  [1m[36mCour Load (0.3ms)[0m  [1m[34mSELECT  "cours".* FROM "cours" WHERE "cours"."id" = ? LIMIT ?[0m  [["id", 0], ["LIMIT", 1]]
  ↳ db/seeds.rb:20
  [1m[35m (0.1ms)[0m  [1m[31mrollback transaction[0m
  ↳ db/seeds.rb:20
  [1m[35m (0.1ms)[0m  [1m[36mbegin transaction[0m
  ↳ db/seeds.rb:20
  [1m[36mCour Load (0.1ms)[0m  [1m[34mSELECT  "cours".* FROM "cours" WHERE "cours"."id" = ? LIMIT ?[0m  [["id", 1], ["LIMIT", 1]]
  ↳ db/seeds.rb:20
  [1m[36mLecon Create (0.6ms)[0m  [1m[32mINSERT INTO "lecons" ("body", "titre", "created_at", "updated_at", "cour_id") VALUES (?, ?, ?, ?, ?)[0m  [["body", "At cumque qui. Labore qui et. Reiciendis sed et."], ["titre", "[\"neque\", \"vero\", \"dicta\"]"], ["created_at", "2018-07-25 18:02:14.667581"], ["updated_at", "2018-07-25 18:02:14.667581"], ["cour_id", 1]]
  ↳ db/seeds.rb:20
  [1m[35m (1.4ms)[0m  [1m[36mcommit transaction[0m
  ↳ db/seeds.rb:20
  [1m[35m (0.1ms)[0m  [1m[36mbegin transaction[0m
  ↳ db/seeds.rb:20
  [1m[36mCour Load (0.2ms)[0m  [1m[34mSELECT  "cours".* FROM "cours" WHERE "cours"."id" = ? LIMIT ?[0m  [["id", 2], ["LIMIT", 1]]
  ↳ db/seeds.rb:20
  [1m[36mLecon Create (0.5ms)[0m  [1m[32mINSERT INTO "lecons" ("body", "titre", "created_at", "updated_at", "cour_id") VALUES (?, ?, ?, ?, ?)[0m  [["body", "Vitae eius corporis. Consectetur voluptatum expedita. Molestiae similique doloribus."], ["titre", "[\"itaque\", \"eaque\", \"placeat\"]"], ["created_at", "2018-07-25 18:02:14.674629"], ["updated_at", "2018-07-25 18:02:14.674629"], ["cour_id", 2]]
  ↳ db/seeds.rb:20
  [1m[35m (1.3ms)[0m  [1m[36mcommit transaction[0m
  ↳ db/seeds.rb:20
  [1m[35m (0.1ms)[0m  [1m[36mbegin transaction[0m
  ↳ db/seeds.rb:20
  [1m[36mCour Load (0.2ms)[0m  [1m[34mSELECT  "cours".* FROM "cours" WHERE "cours"."id" = ? LIMIT ?[0m  [["id", 3], ["LIMIT", 1]]
  ↳ db/seeds.rb:20
  [1m[36mLecon Create (0.4ms)[0m  [1m[32mINSERT INTO "lecons" ("body", "titre", "created_at", "updated_at", "cour_id") VALUES (?, ?, ?, ?, ?)[0m  [["body", "Quia tempora quasi. Pariatur officiis perferendis. Veritatis perspiciatis error."], ["titre", "[\"dicta\", \"non\", \"sed\"]"], ["created_at", "2018-07-25 18:02:14.681097"], ["updated_at", "2018-07-25 18:02:14.681097"], ["cour_id", 3]]
  ↳ db/seeds.rb:20
  [1m[35m (1.4ms)[0m  [1m[36mcommit transaction[0m
  ↳ db/seeds.rb:20
  [1m[35m (0.0ms)[0m  [1m[36mbegin transaction[0m
  ↳ db/seeds.rb:20
  [1m[36mCour Load (0.1ms)[0m  [1m[34mSELECT  "cours".* FROM "cours" WHERE "cours"."id" = ? LIMIT ?[0m  [["id", 4], ["LIMIT", 1]]
  ↳ db/seeds.rb:20
  [1m[36mLecon Create (0.5ms)[0m  [1m[32mINSERT INTO "lecons" ("body", "titre", "created_at", "updated_at", "cour_id") VALUES (?, ?, ?, ?, ?)[0m  [["body", "Modi enim qui. Quam voluptas vel. Qui temporibus omnis."], ["titre", "[\"beatae\", \"non\", \"fuga\"]"], ["created_at", "2018-07-25 18:02:14.685739"], ["updated_at", "2018-07-25 18:02:14.685739"], ["cour_id", 4]]
  ↳ db/seeds.rb:20
  [1m[35m (1.3ms)[0m  [1m[36mcommit transaction[0m
  ↳ db/seeds.rb:20
  [1m[36mCour Load (0.9ms)[0m  [1m[34mSELECT  "cours".* FROM "cours" LIMIT ?[0m  [["LIMIT", 11]]
  [1m[36mLecon Load (0.4ms)[0m  [1m[34mSELECT  "lecons".* FROM "lecons" LIMIT ?[0m  [["LIMIT", 11]]
